Performing C SOURCE FILE Test CMAKE_HAVE_LIBC_PTHREAD failed with the following output:
Change Dir: /home/mg/Thesis/hoomd-v2.9.7/CMakeFiles/CMakeTmp

Run Build Command(s):/usr/bin/make -f Makefile cmTC_e2a0c/fast && /usr/bin/make  -f CMakeFiles/cmTC_e2a0c.dir/build.make CMakeFiles/cmTC_e2a0c.dir/build
make[1]: Entering directory '/home/mg/Thesis/hoomd-v2.9.7/CMakeFiles/CMakeTmp'
Building C object CMakeFiles/cmTC_e2a0c.dir/src.c.o
/usr/bin/cc -DCMAKE_HAVE_LIBC_PTHREAD  -fPIC  -o CMakeFiles/cmTC_e2a0c.dir/src.c.o -c /home/mg/Thesis/hoomd-v2.9.7/CMakeFiles/CMakeTmp/src.c
Linking C executable cmTC_e2a0c
/usr/bin/cmake -E cmake_link_script CMakeFiles/cmTC_e2a0c.dir/link.txt --verbose=1
/usr/bin/cc -fPIC  -rdynamic CMakeFiles/cmTC_e2a0c.dir/src.c.o -o cmTC_e2a0c 
/usr/bin/ld: CMakeFiles/cmTC_e2a0c.dir/src.c.o: in function `main':
src.c:(.text+0x3e): undefined reference to `pthread_create'
/usr/bin/ld: src.c:(.text+0x4a): undefined reference to `pthread_detach'
/usr/bin/ld: src.c:(.text+0x56): undefined reference to `pthread_cancel'
/usr/bin/ld: src.c:(.text+0x67): undefined reference to `pthread_join'
collect2: error: ld returned 1 exit status
make[1]: *** [CMakeFiles/cmTC_e2a0c.dir/build.make:99: cmTC_e2a0c] Error 1
make[1]: Leaving directory '/home/mg/Thesis/hoomd-v2.9.7/CMakeFiles/CMakeTmp'
make: *** [Makefile:127: cmTC_e2a0c/fast] Error 2


Source file was:
#include <pthread.h>

static void* test_func(void* data)
{
  return data;
}

int main(void)
{
  pthread_t thread;
  pthread_create(&thread, NULL, test_func, NULL);
  pthread_detach(thread);
  pthread_cancel(thread);
  pthread_join(thread, NULL);
  pthread_atfork(NULL, NULL, NULL);
  pthread_exit(NULL);

  return 0;
}

Determining if the function pthread_create exists in the pthreads failed with the following output:
Change Dir: /home/mg/Thesis/hoomd-v2.9.7/CMakeFiles/CMakeTmp

Run Build Command(s):/usr/bin/make -f Makefile cmTC_ee364/fast && /usr/bin/make  -f CMakeFiles/cmTC_ee364.dir/build.make CMakeFiles/cmTC_ee364.dir/build
make[1]: Entering directory '/home/mg/Thesis/hoomd-v2.9.7/CMakeFiles/CMakeTmp'
Building C object CMakeFiles/cmTC_ee364.dir/CheckFunctionExists.c.o
/usr/bin/cc   -fPIC -DCHECK_FUNCTION_EXISTS=pthread_create -o CMakeFiles/cmTC_ee364.dir/CheckFunctionExists.c.o -c /usr/share/cmake-3.22/Modules/CheckFunctionExists.c
Linking C executable cmTC_ee364
/usr/bin/cmake -E cmake_link_script CMakeFiles/cmTC_ee364.dir/link.txt --verbose=1
/usr/bin/cc -fPIC -DCHECK_FUNCTION_EXISTS=pthread_create -rdynamic CMakeFiles/cmTC_ee364.dir/CheckFunctionExists.c.o -o cmTC_ee364  -lpthreads 
/usr/bin/ld: cannot find -lpthreads
collect2: error: ld returned 1 exit status
make[1]: *** [CMakeFiles/cmTC_ee364.dir/build.make:99: cmTC_ee364] Error 1
make[1]: Leaving directory '/home/mg/Thesis/hoomd-v2.9.7/CMakeFiles/CMakeTmp'
make: *** [Makefile:127: cmTC_ee364/fast] Error 2



Performing C SOURCE FILE Test CMAKE_HAVE_LIBC_PTHREAD failed with the following output:
Change Dir: /home/mg/Thesis/hoomd-v2.9.7/CMakeFiles/CMakeTmp

Run Build Command(s):/usr/bin/ninja cmTC_de7dc && [1/2] Building C object CMakeFiles/cmTC_de7dc.dir/src.c.o
[2/2] Linking C executable cmTC_de7dc
FAILED: cmTC_de7dc 
: && /usr/bin/cc -fPIC -rdynamic CMakeFiles/cmTC_de7dc.dir/src.c.o -o cmTC_de7dc   && :
/usr/bin/ld: CMakeFiles/cmTC_de7dc.dir/src.c.o: in function `main':
src.c:(.text+0x3e): undefined reference to `pthread_create'
/usr/bin/ld: src.c:(.text+0x4a): undefined reference to `pthread_detach'
/usr/bin/ld: src.c:(.text+0x56): undefined reference to `pthread_cancel'
/usr/bin/ld: src.c:(.text+0x67): undefined reference to `pthread_join'
collect2: error: ld returned 1 exit status
ninja: build stopped: subcommand failed.


Source file was:
#include <pthread.h>

static void* test_func(void* data)
{
  return data;
}

int main(void)
{
  pthread_t thread;
  pthread_create(&thread, NULL, test_func, NULL);
  pthread_detach(thread);
  pthread_cancel(thread);
  pthread_join(thread, NULL);
  pthread_atfork(NULL, NULL, NULL);
  pthread_exit(NULL);

  return 0;
}

Determining if the function pthread_create exists in the pthreads failed with the following output:
Change Dir: /home/mg/Thesis/hoomd-v2.9.7/CMakeFiles/CMakeTmp

Run Build Command(s):/usr/bin/ninja cmTC_19fc4 && [1/2] Building C object CMakeFiles/cmTC_19fc4.dir/CheckFunctionExists.c.o
[2/2] Linking C executable cmTC_19fc4
FAILED: cmTC_19fc4 
: && /usr/bin/cc -fPIC -DCHECK_FUNCTION_EXISTS=pthread_create -rdynamic CMakeFiles/cmTC_19fc4.dir/CheckFunctionExists.c.o -o cmTC_19fc4  -lpthreads && :
/usr/bin/ld: cannot find -lpthreads
collect2: error: ld returned 1 exit status
ninja: build stopped: subcommand failed.



